#
# A fatal error has been detected by the Java Runtime Environment:
#
#  EXCEPTION_ACCESS_VIOLATION (0xc0000005) at pc=0x00007ff952a93416, pid=9776, tid=10816
#
# JRE version: OpenJDK Runtime Environment Temurin-11.0.12+7 (11.0.12+7) (build 11.0.12+7)
# Java VM: OpenJDK 64-Bit Server VM Temurin-11.0.12+7 (11.0.12+7, mixed mode, tiered, compressed oops, g1 gc, windows-amd64)
# Problematic frame:
# C  [ntdll.dll+0x63416]
#
# No core dump will be written. Minidumps are not enabled by default on client versions of Windows
#
# If you would like to submit a bug report, please visit:
#   https://github.com/adoptium/adoptium-support/issues
# The crash happened outside the Java Virtual Machine in native code.
# See problematic frame for where to report the bug.
#

---------------  S U M M A R Y ------------

Command Line: gameengine.Game

Host: AMD Ryzen 7 4800H with Radeon Graphics         , 16 cores, 15G,  Windows 10 , 64 bit Build 19041 (10.0.19041.1645)
Time: Wed May  4 14:14:44 2022 Œrodkowoeuropejski czas letni elapsed time: 10.934391 seconds (0d 0h 0m 10s)

---------------  T H R E A D  ---------------

Current thread (0x000001aaeabbb000):  JavaThread "Game loop thread" [_thread_in_native, id=10816, stack(0x0000003465100000,0x0000003465200000)]

Stack: [0x0000003465100000,0x0000003465200000],  sp=0x00000034651feb70,  free space=1018k
Native frames: (J=compiled Java code, j=interpreted, Vv=VM code, C=native code)
C  [ntdll.dll+0x63416]
C  [ntdll.dll+0x2fcb4]
C  [ntdll.dll+0x2fae2]
C  0x00007ff93362d65c

Java frames: (J=compiled Java code, j=interpreted, Vv=VM code)
J 2042  sun.java2d.d3d.D3DSurfaceData.initOps(III)V java.desktop@11.0.12 (0 bytes) @ 0x000001aad5039a10 [0x000001aad50399c0+0x0000000000000050]
J 2040 c1 sun.java2d.d3d.D3DSurfaceData.<init>(Lsun/awt/windows/WComponentPeer;Lsun/java2d/d3d/D3DGraphicsConfig;IILjava/awt/Image;Ljava/awt/image/ColorModel;IILsun/java2d/pipe/hw/ExtendedBufferCapabilities$VSyncType;I)V java.desktop@11.0.12 (242 bytes) @ 0x000001aacdf06da4 [0x000001aacdf05f20+0x0000000000000e84]
j  sun.java2d.d3d.D3DSurfaceData.createData(Lsun/awt/windows/WComponentPeer;Ljava/awt/Image;)Lsun/java2d/d3d/D3DSurfaceData;+117 java.desktop@11.0.12
j  sun.java2d.d3d.D3DVolatileSurfaceManager.initAcceleratedSurface()Lsun/java2d/SurfaceData;+68 java.desktop@11.0.12
j  sun.java2d.d3d.D3DVolatileSurfaceManager.restoreAcceleratedSurface()V+49 java.desktop@11.0.12
J 2023 c1 sun.awt.image.VolatileSurfaceManager.validate(Ljava/awt/GraphicsConfiguration;)I java.desktop@11.0.12 (213 bytes) @ 0x000001aacdeff8d4 [0x000001aacdeff220+0x00000000000006b4]
J 2022 c1 sun.awt.image.SunVolatileImage.validate(Ljava/awt/GraphicsConfiguration;)I java.desktop@11.0.12 (9 bytes) @ 0x000001aacdefe544 [0x000001aacdefe440+0x0000000000000104]
J 2119 c1 java.awt.Component$FlipBufferStrategy.revalidate()V java.desktop@11.0.12 (145 bytes) @ 0x000001aacdf4539c [0x000001aacdf44ec0+0x00000000000004dc]
J 2118 c1 java.awt.Component$FlipBufferStrategy.getDrawGraphics()Ljava/awt/Graphics; java.desktop@11.0.12 (12 bytes) @ 0x000001aacdf449e4 [0x000001aacdf448e0+0x0000000000000104]
J 2117 c1 gameengine.Game.updateGraphics()V (57 bytes) @ 0x000001aacdf45cdc [0x000001aacdf45bc0+0x000000000000011c]
J 2206 c1 gameengine.Game.render()V (21 bytes) @ 0x000001aacdf7e154 [0x000001aacdf7de00+0x0000000000000354]
J 1671% c2 gameengine.Game.run()V (115 bytes) @ 0x000001aad50291b8 [0x000001aad5029080+0x0000000000000138]
j  java.lang.Thread.run()V+11 java.base@11.0.12
v  ~StubRoutines::call_stub

siginfo: EXCEPTION_ACCESS_VIOLATION (0xc0000005), writing address 0x0000000000000024


Register to memory mapping:

RIP=0x00007ff952a93416 ntdll.dll
RAX=0x0 is NULL
RBX=0x000001aaea236028 points into unknown readable memory: 0x0000000000000000 | 00 00 00 00 00 00 00 00
RCX=0x000001aaea236028 points into unknown readable memory: 0x0000000000000000 | 00 00 00 00 00 00 00 00
RDX=0x00000000fffffffa is an unknown value
RSP=0x00000034651feb70 is pointing into the stack for thread: 0x000001aaeabbb000
RBP=0x0000000000010000 is an unknown value
RSI=0x0 is NULL
RDI=0x0 is NULL
R8 =0x0 is NULL
R9 =0x000001aaea236000 points into unknown readable memory: 0x0000000000000000 | 00 00 00 00 00 00 00 00
R10=0x0000c98bf6cfa544 is an unknown value
R11=0x0000c98bf6cfa405 is an unknown value
R12=0x0 is NULL
R13=0x0000003462532000 points into unknown readable memory: 0x0000000000000000 | 00 00 00 00 00 00 00 00
R14=0x0000000000000001 is an unknown value
R15=0x0 is NULL


Registers:
RAX=0x0000000000000000, RBX=0x000001aaea236028, RCX=0x000001aaea236028, RDX=0x00000000fffffffa
RSP=0x00000034651feb70, RBP=0x0000000000010000, RSI=0x0000000000000000, RDI=0x0000000000000000
R8 =0x0000000000000000, R9 =0x000001aaea236000, R10=0x0000c98bf6cfa544, R11=0x0000c98bf6cfa405
R12=0x0000000000000000, R13=0x0000003462532000, R14=0x0000000000000001, R15=0x0000000000000000
RIP=0x00007ff952a93416, EFLAGS=0x0000000000010213

Top of Stack: (sp=0x00000034651feb70)
0x00000034651feb70:   ffffffffffffffff 000001aaea236028
0x00000034651feb80:   0000000000000060 00000000000001c0
0x00000034651feb90:   000001aaeabbb000 00007ff900552bb0
0x00000034651feba0:   00000034651feb89 0000000800000005
0x00000034651febb0:   0000000000000000 00000000fffffffa
0x00000034651febc0:   0000003462532000 00007ff900552875
0x00000034651febd0:   000001aac4d4b120 00007ff9000856a9
0x00000034651febe0:   0000000000000004 0000000000000000
0x00000034651febf0:   0000000000000000 00007ff900552925
0x00000034651fec00:   0000b4e89cd35908 000001aaeabbb000
0x00000034651fec10:   000001aaeabbb000 0000000000000001
0x00000034651fec20:   0000000000000001 0000000000000001
0x00000034651fec30:   0000000000000000 000001aaea236028
0x00000034651fec40:   0000000000010000 00007ff952a5fcb4
0x00000034651fec50:   000000340000000e 00000034651fe608
0x00000034651fec60:   00000000fffffffa 0000000000000000 

Instructions: (pc=0x00007ff952a93416)
0x00007ff952a93316:   20 e9 ed fe ff ff 48 89 41 18 e9 e4 fe ff ff cc
0x00007ff952a93326:   cc cc cc cc cc cc cc cc cc cc 80 3d d1 71 10 00
0x00007ff952a93336:   00 0f 95 c0 c3 cc cc cc cc cc cc cc cc cc cc cc
0x00007ff952a93346:   cc cc cc cc cc cc cc cc cc cc 48 83 ec 38 8b 05
0x00007ff952a93356:   d2 57 10 00 89 44 24 20 e8 41 02 00 00 48 83 c4
0x00007ff952a93366:   38 c3 cc cc cc cc cc cc cc cc 48 89 5c 24 18 55
0x00007ff952a93376:   56 57 41 54 41 55 41 56 41 57 48 81 ec a0 00 00
0x00007ff952a93386:   00 48 8b 05 82 f1 11 00 48 33 c4 48 89 84 24 90
0x00007ff952a93396:   00 00 00 65 4c 8b 2c 25 30 00 00 00 48 8d 05 4f
0x00007ff952a933a6:   11 10 00 40 32 ed 89 54 24 48 33 f6 40 88 6c 24
0x00007ff952a933b6:   40 4c 89 6c 24 50 48 8b d9 44 8b e6 48 3b c8 0f
0x00007ff952a933c6:   84 39 01 00 00 40 38 35 36 71 10 00 0f 85 a8 01
0x00007ff952a933d6:   00 00 39 35 4a 71 10 00 0f 85 6a 01 00 00 40 38
0x00007ff952a933e6:   35 0d 6c 10 00 48 8d 3d 0e 6c 10 00 48 0f 45 fe
0x00007ff952a933f6:   48 39 73 18 0f 84 d2 00 00 00 48 8b 03 48 83 f8
0x00007ff952a93406:   ff 0f 84 d2 00 00 00 44 8b fe 48 83 f8 ff 74 03
0x00007ff952a93416:   ff 40 24 4c 8b 73 18 4c 8d 2d d4 10 10 00 bd 22
0x00007ff952a93426:   17 00 00 e8 22 14 fc ff 85 c0 0f 85 be b2 05 00
0x00007ff952a93436:   b9 82 03 fe 7f 80 39 00 0f 85 cc b2 05 00 49 83
0x00007ff952a93446:   fe ff 0f 85 5a b3 05 00 4c 8b cf c7 44 24 20 00
0x00007ff952a93456:   00 00 00 41 b8 04 00 00 00 48 8d 54 24 48 48 8d
0x00007ff952a93466:   4b 08 e8 37 01 00 00 3d 02 01 00 00 0f 84 43 b3
0x00007ff952a93476:   05 00 8b 4b 08 89 4c 24 48 f6 c1 02 75 ca 3d 02
0x00007ff952a93486:   01 00 00 0f 84 2c b3 05 00 0f b6 6c 24 40 4c 8b
0x00007ff952a93496:   6c 24 50 85 c0 0f 88 78 b4 05 00 40 84 ed 75 73
0x00007ff952a934a6:   48 8b 8c 24 90 00 00 00 48 33 cc e8 7a 8d 02 00
0x00007ff952a934b6:   48 8b 9c 24 f0 00 00 00 48 81 c4 a0 00 00 00 41
0x00007ff952a934c6:   5f 41 5e 41 5d 41 5c 5f 5e 5d c3 cc 48 8b cb e8
0x00007ff952a934d6:   56 05 00 00 e9 21 ff ff ff 8b 4b 20 48 c7 c0 ff
0x00007ff952a934e6:   ff ff ff 48 0f ba e1 18 0f 82 19 ff ff ff 48 8b
0x00007ff952a934f6:   cb e8 44 e3 fa ff 48 8b 03 e9 09 ff ff ff c6 44
0x00007ff952a93506:   24 40 01 41 c7 85 60 17 00 00 01 00 00 00 e9 b2 


Stack slot to memory mapping:
stack at sp + 0 slots: 0xffffffffffffffff is an unknown value
stack at sp + 1 slots: 0x000001aaea236028 points into unknown readable memory: 0x0000000000000000 | 00 00 00 00 00 00 00 00
stack at sp + 2 slots: 0x0000000000000060 is an unknown value
stack at sp + 3 slots: 0x00000000000001c0 is an unknown value
stack at sp + 4 slots: 0x000001aaeabbb000 is a thread
stack at sp + 5 slots: 0x00007ff900552bb0 jvm.dll
stack at sp + 6 slots: 0x00000034651feb89 is pointing into the stack for thread: 0x000001aaeabbb000
stack at sp + 7 slots: 0x0000000800000005 is pointing into metadata


---------------  P R O C E S S  ---------------

Threads class SMR info:
_java_thread_list=0x000001aaeabbcb50, length=17, elements={
0x000001aae99b6000, 0x000001aae9981800, 0x000001aae99b4000, 0x000001aae99ff800,
0x000001aae9a01000, 0x000001aae9a05000, 0x000001aae9a0e000, 0x000001aae9a15800,
0x000001aae9bba000, 0x000001aae9c6b000, 0x000001aaea386800, 0x000001aaeaab3800,
0x000001aaeabbb000, 0x000001aac4d4f000, 0x000001aaead86000, 0x000001aae9b7b800,
0x000001aae9da7800
}

Java Threads: ( => current thread )
  0x000001aae99b6000 JavaThread "Reference Handler" daemon [_thread_blocked, id=15924, stack(0x0000003463100000,0x0000003463200000)]
  0x000001aae9981800 JavaThread "Finalizer" daemon [_thread_blocked, id=9756, stack(0x0000003463200000,0x0000003463300000)]
  0x000001aae99b4000 JavaThread "Signal Dispatcher" daemon [_thread_blocked, id=300, stack(0x0000003463300000,0x0000003463400000)]
  0x000001aae99ff800 JavaThread "Attach Listener" daemon [_thread_blocked, id=14860, stack(0x0000003463400000,0x0000003463500000)]
  0x000001aae9a01000 JavaThread "Service Thread" daemon [_thread_blocked, id=16992, stack(0x0000003463500000,0x0000003463600000)]
  0x000001aae9a05000 JavaThread "C2 CompilerThread0" daemon [_thread_blocked, id=5884, stack(0x0000003463600000,0x0000003463700000)]
  0x000001aae9a0e000 JavaThread "C1 CompilerThread0" daemon [_thread_blocked, id=17404, stack(0x0000003463700000,0x0000003463800000)]
  0x000001aae9a15800 JavaThread "Sweeper thread" daemon [_thread_blocked, id=16184, stack(0x0000003463800000,0x0000003463900000)]
  0x000001aae9bba000 JavaThread "Common-Cleaner" daemon [_thread_blocked, id=16288, stack(0x0000003463b00000,0x0000003463c00000)]
  0x000001aae9c6b000 JavaThread "Java2D Disposer" daemon [_thread_blocked, id=16828, stack(0x0000003464100000,0x0000003464200000)]
  0x000001aaea386800 JavaThread "AWT-Shutdown" [_thread_blocked, id=16328, stack(0x0000003463c00000,0x0000003463d00000)]
  0x000001aaeaab3800 JavaThread "AWT-EventQueue-0" [_thread_blocked, id=4296, stack(0x0000003465000000,0x0000003465100000)]
=>0x000001aaeabbb000 JavaThread "Game loop thread" [_thread_in_native, id=10816, stack(0x0000003465100000,0x0000003465200000)]
  0x000001aac4d4f000 JavaThread "DestroyJavaVM" [_thread_blocked, id=10968, stack(0x0000003462a00000,0x0000003462b00000)]
  0x000001aaead86000 JavaThread "TimerQueue" daemon [_thread_blocked, id=10348, stack(0x0000003465400000,0x0000003465500000)]
  0x000001aae9b7b800 JavaThread "C1 CompilerThread1" daemon [_thread_blocked, id=2192, stack(0x0000003463900000,0x0000003463a00000)]
  0x000001aae9da7800 JavaThread "ToolkitShutdown" daemon [_thread_in_native, id=12528, stack(0x0000003464f00000,0x0000003465000000)]

Other Threads:
  0x000001aae997e800 VMThread "VM Thread" [stack: 0x0000003463000000,0x0000003463100000] [id=12032]
  0x000001aae9bb5800 WatcherThread [stack: 0x0000003463a00000,0x0000003463b00000] [id=4044]
  0x000001aac4d68800 GCTaskThread "GC Thread#0" [stack: 0x0000003462b00000,0x0000003462c00000] [id=8020]
  0x000001aaea0a7800 GCTaskThread "GC Thread#1" [stack: 0x0000003463d00000,0x0000003463e00000] [id=8188]
  0x000001aaea0a2000 GCTaskThread "GC Thread#2" [stack: 0x0000003463e00000,0x0000003463f00000] [id=9540]
  0x000001aaea06a000 GCTaskThread "GC Thread#3" [stack: 0x0000003463f00000,0x0000003464000000] [id=16728]
  0x000001aaea06b000 GCTaskThread "GC Thread#4" [stack: 0x0000003464000000,0x0000003464100000] [id=10340]
  0x000001aae60c4800 ConcurrentGCThread "G1 Main Marker" [stack: 0x0000003462c00000,0x0000003462d00000] [id=8000]
  0x000001aae60c7000 ConcurrentGCThread "G1 Conc#0" [stack: 0x0000003462d00000,0x0000003462e00000] [id=11672]
  0x000001aae6204000 ConcurrentGCThread "G1 Refine#0" [stack: 0x0000003462e00000,0x0000003462f00000] [id=5584]
  0x000001aae6205000 ConcurrentGCThread "G1 Young RemSet Sampling" [stack: 0x0000003462f00000,0x0000003463000000] [id=13664]

Threads with active compile tasks:

VM state:not at safepoint (normal execution)

VM Mutex/Monitor currently owned by a thread: None

Heap address: 0x0000000709400000, size: 3948 MB, Compressed Oops mode: Zero based, Oop shift amount: 3
Narrow klass base: 0x0000000800000000, Narrow klass shift: 0
Compressed class space size: 1073741824 Address: 0x0000000800000000

Heap:
 garbage-first heap   total 253952K, used 61936K [0x0000000709400000, 0x0000000800000000)
  region size 1024K, 43 young (44032K), 2 survivors (2048K)
 Metaspace       used 16949K, capacity 17419K, committed 17536K, reserved 1064960K
  class space    used 1731K, capacity 1918K, committed 1920K, reserved 1048576K
Heap Regions: E=young(eden), S=young(survivor), O=old, HS=humongous(starts), HC=humongous(continues), CS=collection set, F=free, A=archive, TAMS=top-at-mark-start (previous, next)
|   0|0x0000000709400000, 0x0000000709500000, 0x0000000709500000|100%|HS|  |TAMS 0x0000000709400000, 0x0000000709400000| Complete 
|   1|0x0000000709500000, 0x0000000709600000, 0x0000000709600000|100%|HC|  |TAMS 0x0000000709500000, 0x0000000709500000| Complete 
|   2|0x0000000709600000, 0x0000000709700000, 0x0000000709700000|100%|HC|  |TAMS 0x0000000709600000, 0x0000000709600000| Complete 
|   3|0x0000000709700000, 0x0000000709800000, 0x0000000709800000|100%|HC|  |TAMS 0x0000000709700000, 0x0000000709700000| Complete 
|   4|0x0000000709800000, 0x0000000709900000, 0x0000000709900000|100%|HC|  |TAMS 0x0000000709800000, 0x0000000709800000| Complete 
|   5|0x0000000709900000, 0x0000000709a00000, 0x0000000709a00000|100%|HS|  |TAMS 0x0000000709900000, 0x0000000709900000| Complete 
|   6|0x0000000709a00000, 0x0000000709b00000, 0x0000000709b00000|100%|HC|  |TAMS 0x0000000709a00000, 0x0000000709a00000| Complete 
|   7|0x0000000709b00000, 0x0000000709c00000, 0x0000000709c00000|100%|HC|  |TAMS 0x0000000709b00000, 0x0000000709b00000| Complete 
|   8|0x0000000709c00000, 0x0000000709d00000, 0x0000000709d00000|100%|HC|  |TAMS 0x0000000709c00000, 0x0000000709c00000| Complete 
|   9|0x0000000709d00000, 0x0000000709e00000, 0x0000000709e00000|100%|HC|  |TAMS 0x0000000709d00000, 0x0000000709d00000| Complete 
|  10|0x0000000709e00000, 0x0000000709f00000, 0x0000000709f00000|100%|HS|  |TAMS 0x0000000709e00000, 0x0000000709e00000| Complete 
|  11|0x0000000709f00000, 0x000000070a000000, 0x000000070a000000|100%|HC|  |TAMS 0x0000000709f00000, 0x0000000709f00000| Complete 
|  12|0x000000070a000000, 0x000000070a100000, 0x000000070a100000|100%|HC|  |TAMS 0x000000070a000000, 0x000000070a000000| Complete 
|  13|0x000000070a100000, 0x000000070a200000, 0x000000070a200000|100%|HS|  |TAMS 0x000000070a100000, 0x000000070a100000| Complete 
|  14|0x000000070a200000, 0x000000070a300000, 0x000000070a300000|100%|HC|  |TAMS 0x000000070a200000, 0x000000070a200000| Complete 
|  15|0x000000070a300000, 0x000000070a400000, 0x000000070a400000|100%|HC|  |TAMS 0x000000070a300000, 0x000000070a300000| Complete 
|  16|0x000000070a400000, 0x000000070a500000, 0x000000070a500000|100%|HS|  |TAMS 0x000000070a400000, 0x000000070a400000| Complete 
|  17|0x000000070a500000, 0x000000070a600000, 0x000000070a600000|100%|HC|  |TAMS 0x000000070a500000, 0x000000070a500000| Complete 
|  18|0x000000070a600000, 0x000000070a700000, 0x000000070a700000|100%|HC|  |TAMS 0x000000070a600000, 0x000000070a600000| Complete 
|  19|0x000000070a700000, 0x000000070a700000, 0x000000070a800000|  0%| F|  |TAMS 0x000000070a700000, 0x000000070a700000| Untracked 
|  20|0x000000070a800000, 0x000000070a800000, 0x000000070a900000|  0%| F|  |TAMS 0x000000070a800000, 0x000000070a800000| Untracked 
|  21|0x000000070a900000, 0x000000070a900000, 0x000000070aa00000|  0%| F|  |TAMS 0x000000070a900000, 0x000000070a900000| Untracked 
|  22|0x000000070aa00000, 0x000000070aa00000, 0x000000070ab00000|  0%| F|  |TAMS 0x000000070aa00000, 0x000000070aa00000| Untracked 
|  23|0x000000070ab00000, 0x000000070ab00000, 0x000000070ac00000|  0%| F|  |TAMS 0x000000070ab00000, 0x000000070ab00000| Untracked 
|  24|0x000000070ac00000, 0x000000070ac00000, 0x000000070ad00000|  0%| F|  |TAMS 0x000000070ac00000, 0x000000070ac00000| Untracked 
|  25|0x000000070ad00000, 0x000000070ad00000, 0x000000070ae00000|  0%| F|  |TAMS 0x000000070ad00000, 0x000000070ad00000| Untracked 
|  26|0x000000070ae00000, 0x000000070ae00000, 0x000000070af00000|  0%| F|  |TAMS 0x000000070ae00000, 0x000000070ae00000| Untracked 
|  27|0x000000070af00000, 0x000000070af00000, 0x000000070b000000|  0%| F|  |TAMS 0x000000070af00000, 0x000000070af00000| Untracked 
|  28|0x000000070b000000, 0x000000070b000000, 0x000000070b100000|  0%| F|  |TAMS 0x000000070b000000, 0x000000070b000000| Untracked 
|  29|0x000000070b100000, 0x000000070b100000, 0x000000070b200000|  0%| F|  |TAMS 0x000000070b100000, 0x000000070b100000| Untracked 
|  30|0x000000070b200000, 0x000000070b200000, 0x000000070b300000|  0%| F|  |TAMS 0x000000070b200000, 0x000000070b200000| Untracked 
|  31|0x000000070b300000, 0x000000070b300000, 0x000000070b400000|  0%| F|  |TAMS 0x000000070b300000, 0x000000070b300000| Untracked 
|  32|0x000000070b400000, 0x000000070b400000, 0x000000070b500000|  0%| F|  |TAMS 0x000000070b400000, 0x000000070b400000| Untracked 
|  33|0x000000070b500000, 0x000000070b500000, 0x000000070b600000|  0%| F|  |TAMS 0x000000070b500000, 0x000000070b500000| Untracked 
|  34|0x000000070b600000, 0x000000070b600000, 0x000000070b700000|  0%| F|  |TAMS 0x000000070b600000, 0x000000070b600000| Untracked 
|  35|0x000000070b700000, 0x000000070b700000, 0x000000070b800000|  0%| F|  |TAMS 0x000000070b700000, 0x000000070b700000| Untracked 
|  36|0x000000070b800000, 0x000000070b800000, 0x000000070b900000|  0%| F|  |TAMS 0x000000070b800000, 0x000000070b800000| Untracked 
|  37|0x000000070b900000, 0x000000070b900000, 0x000000070ba00000|  0%| F|  |TAMS 0x000000070b900000, 0x000000070b900000| Untracked 
|  38|0x000000070ba00000, 0x000000070ba00000, 0x000000070bb00000|  0%| F|  |TAMS 0x000000070ba00000, 0x000000070ba00000| Untracked 
|  39|0x000000070bb00000, 0x000000070bb00000, 0x000000070bc00000|  0%| F|  |TAMS 0x000000070bb00000, 0x000000070bb00000| Untracked 
|  40|0x000000070bc00000, 0x000000070bc00000, 0x000000070bd00000|  0%| F|  |TAMS 0x000000070bc00000, 0x000000070bc00000| Untracked 
|  41|0x000000070bd00000, 0x000000070bd00000, 0x000000070be00000|  0%| F|  |TAMS 0x000000070bd00000, 0x000000070bd00000| Untracked 
|  42|0x000000070be00000, 0x000000070be00000, 0x000000070bf00000|  0%| F|  |TAMS 0x000000070be00000, 0x000000070be00000| Untracked 
|  43|0x000000070bf00000, 0x000000070bf00000, 0x000000070c000000|  0%| F|  |TAMS 0x000000070bf00000, 0x000000070bf00000| Untracked 
|  44|0x000000070c000000, 0x000000070c000000, 0x000000070c100000|  0%| F|  |TAMS 0x000000070c000000, 0x000000070c000000| Untracked 
|  45|0x000000070c100000, 0x000000070c100000, 0x000000070c200000|  0%| F|  |TAMS 0x000000070c100000, 0x000000070c100000| Untracked 
|  46|0x000000070c200000, 0x000000070c200000, 0x000000070c300000|  0%| F|  |TAMS 0x000000070c200000, 0x000000070c200000| Untracked 
|  47|0x000000070c300000, 0x000000070c300000, 0x000000070c400000|  0%| F|  |TAMS 0x000000070c300000, 0x000000070c300000| Untracked 
|  48|0x000000070c400000, 0x000000070c400000, 0x000000070c500000|  0%| F|  |TAMS 0x000000070c400000, 0x000000070c400000| Untracked 
|  49|0x000000070c500000, 0x000000070c500000, 0x000000070c600000|  0%| F|  |TAMS 0x000000070c500000, 0x000000070c500000| Untracked 
|  50|0x000000070c600000, 0x000000070c600000, 0x000000070c700000|  0%| F|  |TAMS 0x000000070c600000, 0x000000070c600000| Untracked 
|  51|0x000000070c700000, 0x000000070c700000, 0x000000070c800000|  0%| F|  |TAMS 0x000000070c700000, 0x000000070c700000| Untracked 
|  52|0x000000070c800000, 0x000000070c800000, 0x000000070c900000|  0%| F|  |TAMS 0x000000070c800000, 0x000000070c800000| Untracked 
|  53|0x000000070c900000, 0x000000070c900000, 0x000000070ca00000|  0%| F|  |TAMS 0x000000070c900000, 0x000000070c900000| Untracked 
|  54|0x000000070ca00000, 0x000000070ca00000, 0x000000070cb00000|  0%| F|  |TAMS 0x000000070ca00000, 0x000000070ca00000| Untracked 
|  55|0x000000070cb00000, 0x000000070cb00000, 0x000000070cc00000|  0%| F|  |TAMS 0x000000070cb00000, 0x000000070cb00000| Untracked 
|  56|0x000000070cc00000, 0x000000070cc00000, 0x000000070cd00000|  0%| F|  |TAMS 0x000000070cc00000, 0x000000070cc00000| Untracked 
|  57|0x000000070cd00000, 0x000000070cd00000, 0x000000070ce00000|  0%| F|  |TAMS 0x000000070cd00000, 0x000000070cd00000| Untracked 
|  58|0x000000070ce00000, 0x000000070ce00000, 0x000000070cf00000|  0%| F|  |TAMS 0x000000070ce00000, 0x000000070ce00000| Untracked 
|  59|0x000000070cf00000, 0x000000070cf00000, 0x000000070d000000|  0%| F|  |TAMS 0x000000070cf00000, 0x000000070cf00000| Untracked 
|  60|0x000000070d000000, 0x000000070d000000, 0x000000070d100000|  0%| F|  |TAMS 0x000000070d000000, 0x000000070d000000| Untracked 
|  61|0x000000070d100000, 0x000000070d100000, 0x000000070d200000|  0%| F|  |TAMS 0x000000070d100000, 0x000000070d100000| Untracked 
|  62|0x000000070d200000, 0x000000070d200000, 0x000000070d300000|  0%| F|  |TAMS 0x000000070d200000, 0x000000070d200000| Untracked 
|  63|0x000000070d300000, 0x000000070d300000, 0x000000070d400000|  0%| F|  |TAMS 0x000000070d300000, 0x000000070d300000| Untracked 
|  64|0x000000070d400000, 0x000000070d400000, 0x000000070d500000|  0%| F|  |TAMS 0x000000070d400000, 0x000000070d400000| Untracked 
|  65|0x000000070d500000, 0x000000070d500000, 0x000000070d600000|  0%| F|  |TAMS 0x000000070d500000, 0x000000070d500000| Untracked 
|  66|0x000000070d600000, 0x000000070d600000, 0x000000070d700000|  0%| F|  |TAMS 0x000000070d600000, 0x000000070d600000| Untracked 
|  67|0x000000070d700000, 0x000000070d700000, 0x000000070d800000|  0%| F|  |TAMS 0x000000070d700000, 0x000000070d700000| Untracked 
|  68|0x000000070d800000, 0x000000070d800000, 0x000000070d900000|  0%| F|  |TAMS 0x000000070d800000, 0x000000070d800000| Untracked 
|  69|0x000000070d900000, 0x000000070d900000, 0x000000070da00000|  0%| F|  |TAMS 0x000000070d900000, 0x000000070d900000| Untracked 
|  70|0x000000070da00000, 0x000000070da00000, 0x000000070db00000|  0%| F|  |TAMS 0x000000070da00000, 0x000000070da00000| Untracked 
|  71|0x000000070db00000, 0x000000070db00000, 0x000000070dc00000|  0%| F|  |TAMS 0x000000070db00000, 0x000000070db00000| Untracked 
|  72|0x000000070dc00000, 0x000000070dc00000, 0x000000070dd00000|  0%| F|  |TAMS 0x000000070dc00000, 0x000000070dc00000| Untracked 
|  73|0x000000070dd00000, 0x000000070dd00000, 0x000000070de00000|  0%| F|  |TAMS 0x000000070dd00000, 0x000000070dd00000| Untracked 
|  74|0x000000070de00000, 0x000000070de00000, 0x000000070df00000|  0%| F|  |TAMS 0x000000070de00000, 0x000000070de00000| Untracked 
|  75|0x000000070df00000, 0x000000070df00000, 0x000000070e000000|  0%| F|  |TAMS 0x000000070df00000, 0x000000070df00000| Untracked 
|  76|0x000000070e000000, 0x000000070e000000, 0x000000070e100000|  0%| F|  |TAMS 0x000000070e000000, 0x000000070e000000| Untracked 
|  77|0x000000070e100000, 0x000000070e100000, 0x000000070e200000|  0%| F|  |TAMS 0x000000070e100000, 0x000000070e100000| Untracked 
|  78|0x000000070e200000, 0x000000070e200000, 0x000000070e300000|  0%| F|  |TAMS 0x000000070e200000, 0x000000070e200000| Untracked 
|  79|0x000000070e300000, 0x000000070e300000, 0x000000070e400000|  0%| F|  |TAMS 0x000000070e300000, 0x000000070e300000| Untracked 
|  80|0x000000070e400000, 0x000000070e400000, 0x000000070e500000|  0%| F|  |TAMS 0x000000070e400000, 0x000000070e400000| Untracked 
|  81|0x000000070e500000, 0x000000070e500000, 0x000000070e600000|  0%| F|  |TAMS 0x000000070e500000, 0x000000070e500000| Untracked 
|  82|0x000000070e600000, 0x000000070e600000, 0x000000070e700000|  0%| F|  |TAMS 0x000000070e600000, 0x000000070e600000| Untracked 
|  83|0x000000070e700000, 0x000000070e700000, 0x000000070e800000|  0%| F|  |TAMS 0x000000070e700000, 0x000000070e700000| Untracked 
|  84|0x000000070e800000, 0x000000070e800000, 0x000000070e900000|  0%| F|  |TAMS 0x000000070e800000, 0x000000070e800000| Untracked 
|  85|0x000000070e900000, 0x000000070e900000, 0x000000070ea00000|  0%| F|  |TAMS 0x000000070e900000, 0x000000070e900000| Untracked 
|  86|0x000000070ea00000, 0x000000070ea00000, 0x000000070eb00000|  0%| F|  |TAMS 0x000000070ea00000, 0x000000070ea00000| Untracked 
|  87|0x000000070eb00000, 0x000000070eb00000, 0x000000070ec00000|  0%| F|  |TAMS 0x000000070eb00000, 0x000000070eb00000| Untracked 
|  88|0x000000070ec00000, 0x000000070ec00000, 0x000000070ed00000|  0%| F|  |TAMS 0x000000070ec00000, 0x000000070ec00000| Untracked 
|  89|0x000000070ed00000, 0x000000070ed00000, 0x000000070ee00000|  0%| F|  |TAMS 0x000000070ed00000, 0x000000070ed00000| Untracked 
|  90|0x000000070ee00000, 0x000000070ee00000, 0x000000070ef00000|  0%| F|  |TAMS 0x000000070ee00000, 0x000000070ee00000| Untracked 
|  91|0x000000070ef00000, 0x000000070ef00000, 0x000000070f000000|  0%| F|  |TAMS 0x000000070ef00000, 0x000000070ef00000| Untracked 
|  92|0x000000070f000000, 0x000000070f000000, 0x000000070f100000|  0%| F|  |TAMS 0x000000070f000000, 0x000000070f000000| Untracked 
|  93|0x000000070f100000, 0x000000070f100000, 0x000000070f200000|  0%| F|  |TAMS 0x000000070f100000, 0x000000070f100000| Untracked 
|  94|0x000000070f200000, 0x000000070f200000, 0x000000070f300000|  0%| F|  |TAMS 0x000000070f200000, 0x000000070f200000| Untracked 
|  95|0x000000070f300000, 0x000000070f300000, 0x000000070f400000|  0%| F|  |TAMS 0x000000070f300000, 0x000000070f300000| Untracked 
|  96|0x000000070f400000, 0x000000070f400000, 0x000000070f500000|  0%| F|  |TAMS 0x000000070f400000, 0x000000070f400000| Untracked 
|  97|0x000000070f500000, 0x000000070f500000, 0x000000070f600000|  0%| F|  |TAMS 0x000000070f500000, 0x000000070f500000| Untracked 
|  98|0x000000070f600000, 0x000000070f67c180, 0x000000070f700000| 48%| S|CS|TAMS 0x000000070f600000, 0x000000070f600000| Complete 
|  99|0x000000070f700000, 0x000000070f800000, 0x000000070f800000|100%| S|CS|TAMS 0x000000070f700000, 0x000000070f700000| Complete 
| 100|0x000000070f800000, 0x000000070f800000, 0x000000070f900000|  0%| F|  |TAMS 0x000000070f800000, 0x000000070f800000| Untracked 
| 101|0x000000070f900000, 0x000000070f900000, 0x000000070fa00000|  0%| F|  |TAMS 0x000000070f900000, 0x000000070f900000| Untracked 
| 102|0x000000070fa00000, 0x000000070fa00000, 0x000000070fb00000|  0%| F|  |TAMS 0x000000070fa00000, 0x000000070fa00000| Untracked 
| 103|0x000000070fb00000, 0x000000070fb00000, 0x000000070fc00000|  0%| F|  |TAMS 0x000000070fb00000, 0x000000070fb00000| Untracked 
| 104|0x000000070fc00000, 0x000000070fc00000, 0x000000070fd00000|  0%| F|  |TAMS 0x000000070fc00000, 0x000000070fc00000| Untracked 
| 105|0x000000070fd00000, 0x000000070fd00000, 0x000000070fe00000|  0%| F|  |TAMS 0x000000070fd00000, 0x000000070fd00000| Untracked 
| 106|0x000000070fe00000, 0x000000070fe00000, 0x000000070ff00000|  0%| F|  |TAMS 0x000000070fe00000, 0x000000070fe00000| Untracked 
| 107|0x000000070ff00000, 0x000000070ff00000, 0x0000000710000000|  0%| F|  |TAMS 0x000000070ff00000, 0x000000070ff00000| Untracked 
| 108|0x0000000710000000, 0x0000000710000000, 0x0000000710100000|  0%| F|  |TAMS 0x0000000710000000, 0x0000000710000000| Untracked 
| 109|0x0000000710100000, 0x0000000710100000, 0x0000000710200000|  0%| F|  |TAMS 0x0000000710100000, 0x0000000710100000| Untracked 
| 110|0x0000000710200000, 0x0000000710200000, 0x0000000710300000|  0%| F|  |TAMS 0x0000000710200000, 0x0000000710200000| Untracked 
| 111|0x0000000710300000, 0x0000000710300000, 0x0000000710400000|  0%| F|  |TAMS 0x0000000710300000, 0x0000000710300000| Untracked 
| 112|0x0000000710400000, 0x0000000710400000, 0x0000000710500000|  0%| F|  |TAMS 0x0000000710400000, 0x0000000710400000| Untracked 
| 113|0x0000000710500000, 0x0000000710500000, 0x0000000710600000|  0%| F|  |TAMS 0x0000000710500000, 0x0000000710500000| Untracked 
| 114|0x0000000710600000, 0x0000000710600000, 0x0000000710700000|  0%| F|  |TAMS 0x0000000710600000, 0x0000000710600000| Untracked 
| 115|0x0000000710700000, 0x0000000710700000, 0x0000000710800000|  0%| F|  |TAMS 0x0000000710700000, 0x0000000710700000| Untracked 
| 116|0x0000000710800000, 0x0000000710800000, 0x0000000710900000|  0%| F|  |TAMS 0x0000000710800000, 0x0000000710800000| Untracked 
| 117|0x0000000710900000, 0x0000000710900000, 0x0000000710a00000|  0%| F|  |TAMS 0x0000000710900000, 0x0000000710900000| Untracked 
| 118|0x0000000710a00000, 0x0000000710a00000, 0x0000000710b00000|  0%| F|  |TAMS 0x0000000710a00000, 0x0000000710a00000| Untracked 
| 119|0x0000000710b00000, 0x0000000710b00000, 0x0000000710c00000|  0%| F|  |TAMS 0x0000000710b00000, 0x0000000710b00000| Untracked 
| 120|0x0000000710c00000, 0x0000000710c00000, 0x0000000710d00000|  0%| F|  |TAMS 0x0000000710c00000, 0x0000000710c00000| Untracked 
| 121|0x0000000710d00000, 0x0000000710d00000, 0x0000000710e00000|  0%| F|  |TAMS 0x0000000710d00000, 0x0000000710d00000| Untracked 
| 122|0x0000000710e00000, 0x0000000710e00000, 0x0000000710f00000|  0%| F|  |TAMS 0x0000000710e00000, 0x0000000710e00000| Untracked 
| 123|0x0000000710f00000, 0x0000000710f00000, 0x0000000711000000|  0%| F|  |TAMS 0x0000000710f00000, 0x0000000710f00000| Untracked 
| 124|0x0000000711000000, 0x0000000711000000, 0x0000000711100000|  0%| F|  |TAMS 0x0000000711000000, 0x0000000711000000| Untracked 
| 125|0x0000000711100000, 0x0000000711100000, 0x0000000711200000|  0%| F|  |TAMS 0x0000000711100000, 0x0000000711100000| Untracked 
| 126|0x0000000711200000, 0x0000000711200000, 0x0000000711300000|  0%| F|  |TAMS 0x0000000711200000, 0x0000000711200000| Untracked 
| 127|0x0000000711300000, 0x0000000711300000, 0x0000000711400000|  0%| F|  |TAMS 0x0000000711300000, 0x0000000711300000| Untracked 
| 128|0x0000000711400000, 0x0000000711400000, 0x0000000711500000|  0%| F|  |TAMS 0x0000000711400000, 0x0000000711400000| Untracked 
| 129|0x0000000711500000, 0x0000000711500000, 0x0000000711600000|  0%| F|  |TAMS 0x0000000711500000, 0x0000000711500000| Untracked 
| 130|0x0000000711600000, 0x0000000711600000, 0x0000000711700000|  0%| F|  |TAMS 0x0000000711600000, 0x0000000711600000| Untracked 
| 131|0x0000000711700000, 0x0000000711700000, 0x0000000711800000|  0%| F|  |TAMS 0x0000000711700000, 0x0000000711700000| Untracked 
| 132|0x0000000711800000, 0x0000000711800000, 0x0000000711900000|  0%| F|  |TAMS 0x0000000711800000, 0x0000000711800000| Untracked 
| 133|0x0000000711900000, 0x0000000711900000, 0x0000000711a00000|  0%| F|  |TAMS 0x0000000711900000, 0x0000000711900000| Untracked 
| 134|0x0000000711a00000, 0x0000000711a00000, 0x0000000711b00000|  0%| F|  |TAMS 0x0000000711a00000, 0x0000000711a00000| Untracked 
| 135|0x0000000711b00000, 0x0000000711b00000, 0x0000000711c00000|  0%| F|  |TAMS 0x0000000711b00000, 0x0000000711b00000| Untracked 
| 136|0x0000000711c00000, 0x0000000711c00000, 0x0000000711d00000|  0%| F|  |TAMS 0x0000000711c00000, 0x0000000711c00000| Untracked 
| 137|0x0000000711d00000, 0x0000000711d00000, 0x0000000711e00000|  0%| F|  |TAMS 0x0000000711d00000, 0x0000000711d00000| Untracked 
| 138|0x0000000711e00000, 0x0000000711e00000, 0x0000000711f00000|  0%| F|  |TAMS 0x0000000711e00000, 0x0000000711e00000| Untracked 
| 139|0x0000000711f00000, 0x0000000711f00000, 0x0000000712000000|  0%| F|  |TAMS 0x0000000711f00000, 0x0000000711f00000| Untracked 
| 140|0x0000000712000000, 0x0000000712000000, 0x0000000712100000|  0%| F|  |TAMS 0x0000000712000000, 0x0000000712000000| Untracked 
| 141|0x0000000712100000, 0x0000000712100000, 0x0000000712200000|  0%| F|  |TAMS 0x0000000712100000, 0x0000000712100000| Untracked 
| 142|0x0000000712200000, 0x0000000712200000, 0x0000000712300000|  0%| F|  |TAMS 0x0000000712200000, 0x0000000712200000| Untracked 
| 143|0x0000000712300000, 0x0000000712300000, 0x0000000712400000|  0%| F|  |TAMS 0x0000000712300000, 0x0000000712300000| Untracked 
| 144|0x0000000712400000, 0x0000000712400000, 0x0000000712500000|  0%| F|  |TAMS 0x0000000712400000, 0x0000000712400000| Untracked 
| 145|0x0000000712500000, 0x0000000712500000, 0x0000000712600000|  0%| F|  |TAMS 0x0000000712500000, 0x0000000712500000| Untracked 
| 146|0x0000000712600000, 0x0000000712600000, 0x0000000712700000|  0%| F|  |TAMS 0x0000000712600000, 0x0000000712600000| Untracked 
| 147|0x0000000712700000, 0x0000000712700000, 0x0000000712800000|  0%| F|  |TAMS 0x0000000712700000, 0x0000000712700000| Untracked 
| 148|0x0000000712800000, 0x0000000712800000, 0x0000000712900000|  0%| F|  |TAMS 0x0000000712800000, 0x0000000712800000| Untracked 
| 149|0x0000000712900000, 0x0000000712900000, 0x0000000712a00000|  0%| F|  |TAMS 0x0000000712900000, 0x0000000712900000| Untracked 
| 150|0x0000000712a00000, 0x0000000712a00000, 0x0000000712b00000|  0%| F|  |TAMS 0x0000000712a00000, 0x0000000712a00000| Untracked 
| 151|0x0000000712b00000, 0x0000000712b00000, 0x0000000712c00000|  0%| F|  |TAMS 0x0000000712b00000, 0x0000000712b00000| Untracked 
| 152|0x0000000712c00000, 0x0000000712c00000, 0x0000000712d00000|  0%| F|  |TAMS 0x0000000712c00000, 0x0000000712c00000| Untracked 
| 153|0x0000000712d00000, 0x0000000712d00000, 0x0000000712e00000|  0%| F|  |TAMS 0x0000000712d00000, 0x0000000712d00000| Untracked 
| 154|0x0000000712e00000, 0x0000000712e00000, 0x0000000712f00000|  0%| F|  |TAMS 0x0000000712e00000, 0x0000000712e00000| Untracked 
| 155|0x0000000712f00000, 0x0000000712f00000, 0x0000000713000000|  0%| F|  |TAMS 0x0000000712f00000, 0x0000000712f00000| Untracked 
| 156|0x0000000713000000, 0x0000000713000000, 0x0000000713100000|  0%| F|  |TAMS 0x0000000713000000, 0x0000000713000000| Untracked 
| 157|0x0000000713100000, 0x0000000713100000, 0x0000000713200000|  0%| F|  |TAMS 0x0000000713100000, 0x0000000713100000| Untracked 
| 158|0x0000000713200000, 0x0000000713200000, 0x0000000713300000|  0%| F|  |TAMS 0x0000000713200000, 0x0000000713200000| Untracked 
| 159|0x0000000713300000, 0x0000000713300000, 0x0000000713400000|  0%| F|  |TAMS 0x0000000713300000, 0x0000000713300000| Untracked 
| 160|0x0000000713400000, 0x0000000713400000, 0x0000000713500000|  0%| F|  |TAMS 0x0000000713400000, 0x0000000713400000| Untracked 
| 161|0x0000000713500000, 0x0000000713500000, 0x0000000713600000|  0%| F|  |TAMS 0x0000000713500000, 0x0000000713500000| Untracked 
| 162|0x0000000713600000, 0x0000000713600000, 0x0000000713700000|  0%| F|  |TAMS 0x0000000713600000, 0x0000000713600000| Untracked 
| 163|0x0000000713700000, 0x0000000713700000, 0x0000000713800000|  0%| F|  |TAMS 0x0000000713700000, 0x0000000713700000| Untracked 
| 164|0x0000000713800000, 0x0000000713800000, 0x0000000713900000|  0%| F|  |TAMS 0x0000000713800000, 0x0000000713800000| Untracked 
| 165|0x0000000713900000, 0x0000000713900000, 0x0000000713a00000|  0%| F|  |TAMS 0x0000000713900000, 0x0000000713900000| Untracked 
| 166|0x0000000713a00000, 0x0000000713a00000, 0x0000000713b00000|  0%| F|  |TAMS 0x0000000713a00000, 0x0000000713a00000| Untracked 
| 167|0x0000000713b00000, 0x0000000713b00000, 0x0000000713c00000|  0%| F|  |TAMS 0x0000000713b00000, 0x0000000713b00000| Untracked 
| 168|0x0000000713c00000, 0x0000000713c00000, 0x0000000713d00000|  0%| F|  |TAMS 0x0000000713c00000, 0x0000000713c00000| Untracked 
| 169|0x0000000713d00000, 0x0000000713d00000, 0x0000000713e00000|  0%| F|  |TAMS 0x0000000713d00000, 0x0000000713d00000| Untracked 
| 170|0x0000000713e00000, 0x0000000713e00000, 0x0000000713f00000|  0%| F|  |TAMS 0x0000000713e00000, 0x0000000713e00000| Untracked 
| 171|0x0000000713f00000, 0x0000000713f00000, 0x0000000714000000|  0%| F|  |TAMS 0x0000000713f00000, 0x0000000713f00000| Untracked 
| 172|0x0000000714000000, 0x0000000714000000, 0x0000000714100000|  0%| F|  |TAMS 0x0000000714000000, 0x0000000714000000| Untracked 
| 173|0x0000000714100000, 0x0000000714100000, 0x0000000714200000|  0%| F|  |TAMS 0x0000000714100000, 0x0000000714100000| Untracked 
| 174|0x0000000714200000, 0x0000000714200000, 0x0000000714300000|  0%| F|  |TAMS 0x0000000714200000, 0x0000000714200000| Untracked 
| 175|0x0000000714300000, 0x0000000714300000, 0x0000000714400000|  0%| F|  |TAMS 0x0000000714300000, 0x0000000714300000| Untracked 
| 176|0x0000000714400000, 0x0000000714400000, 0x0000000714500000|  0%| F|  |TAMS 0x0000000714400000, 0x0000000714400000| Untracked 
| 177|0x0000000714500000, 0x0000000714500000, 0x0000000714600000|  0%| F|  |TAMS 0x0000000714500000, 0x0000000714500000| Untracked 
| 178|0x0000000714600000, 0x0000000714600000, 0x0000000714700000|  0%| F|  |TAMS 0x0000000714600000, 0x0000000714600000| Untracked 
| 179|0x0000000714700000, 0x0000000714700000, 0x0000000714800000|  0%| F|  |TAMS 0x0000000714700000, 0x0000000714700000| Untracked 
| 180|0x0000000714800000, 0x0000000714800000, 0x0000000714900000|  0%| F|  |TAMS 0x0000000714800000, 0x0000000714800000| Untracked 
| 181|0x0000000714900000, 0x0000000714900000, 0x0000000714a00000|  0%| F|  |TAMS 0x0000000714900000, 0x0000000714900000| Untracked 
| 182|0x0000000714a00000, 0x0000000714a00000, 0x0000000714b00000|  0%| F|  |TAMS 0x0000000714a00000, 0x0000000714a00000| Untracked 
| 183|0x0000000714b00000, 0x0000000714b00000, 0x0000000714c00000|  0%| F|  |TAMS 0x0000000714b00000, 0x0000000714b00000| Untracked 
| 184|0x0000000714c00000, 0x0000000714c00000, 0x0000000714d00000|  0%| F|  |TAMS 0x0000000714c00000, 0x0000000714c00000| Untracked 
| 185|0x0000000714d00000, 0x0000000714d00000, 0x0000000714e00000|  0%| F|  |TAMS 0x0000000714d00000, 0x0000000714d00000| Untracked 
| 186|0x0000000714e00000, 0x0000000714e00000, 0x0000000714f00000|  0%| F|  |TAMS 0x0000000714e00000, 0x0000000714e00000| Untracked 
| 187|0x0000000714f00000, 0x0000000714f00000, 0x0000000715000000|  0%| F|  |TAMS 0x0000000714f00000, 0x0000000714f00000| Untracked 
| 188|0x0000000715000000, 0x0000000715000000, 0x0000000715100000|  0%| F|  |TAMS 0x0000000715000000, 0x0000000715000000| Untracked 
| 189|0x0000000715100000, 0x0000000715100000, 0x0000000715200000|  0%| F|  |TAMS 0x0000000715100000, 0x0000000715100000| Untracked 
| 190|0x0000000715200000, 0x0000000715200000, 0x0000000715300000|  0%| F|  |TAMS 0x0000000715200000, 0x0000000715200000| Untracked 
| 191|0x0000000715300000, 0x0000000715300000, 0x0000000715400000|  0%| F|  |TAMS 0x0000000715300000, 0x0000000715300000| Untracked 
| 192|0x0000000715400000, 0x0000000715400000, 0x0000000715500000|  0%| F|  |TAMS 0x0000000715400000, 0x0000000715400000| Untracked 
| 193|0x0000000715500000, 0x0000000715500000, 0x0000000715600000|  0%| F|  |TAMS 0x0000000715500000, 0x0000000715500000| Untracked 
| 194|0x0000000715600000, 0x0000000715600000, 0x0000000715700000|  0%| F|  |TAMS 0x0000000715600000, 0x0000000715600000| Untracked 
| 195|0x0000000715700000, 0x0000000715700000, 0x0000000715800000|  0%| F|  |TAMS 0x0000000715700000, 0x0000000715700000| Untracked 
| 196|0x0000000715800000, 0x0000000715800000, 0x0000000715900000|  0%| F|  |TAMS 0x0000000715800000, 0x0000000715800000| Untracked 
| 197|0x0000000715900000, 0x0000000715900000, 0x0000000715a00000|  0%| F|  |TAMS 0x0000000715900000, 0x0000000715900000| Untracked 
| 198|0x0000000715a00000, 0x0000000715a00000, 0x0000000715b00000|  0%| F|  |TAMS 0x0000000715a00000, 0x0000000715a00000| Untracked 
| 199|0x0000000715b00000, 0x0000000715b00000, 0x0000000715c00000|  0%| F|  |TAMS 0x0000000715b00000, 0x0000000715b00000| Untracked 
| 200|0x0000000715c00000, 0x0000000715c00000, 0x0000000715d00000|  0%| F|  |TAMS 0x0000000715c00000, 0x0000000715c00000| Untracked 
| 201|0x0000000715d00000, 0x0000000715d00000, 0x0000000715e00000|  0%| F|  |TAMS 0x0000000715d00000, 0x0000000715d00000| Untracked 
| 202|0x0000000715e00000, 0x0000000715e00000, 0x0000000715f00000|  0%| F|  |TAMS 0x0000000715e00000, 0x0000000715e00000| Untracked 
| 203|0x0000000715f00000, 0x0000000715f00000, 0x0000000716000000|  0%| F|  |TAMS 0x0000000715f00000, 0x0000000715f00000| Untracked 
| 204|0x0000000716000000, 0x0000000716000000, 0x0000000716100000|  0%| F|  |TAMS 0x0000000716000000, 0x0000000716000000| Untracked 
| 205|0x0000000716100000, 0x0000000716100000, 0x0000000716200000|  0%| F|  |TAMS 0x0000000716100000, 0x0000000716100000| Untracked 
| 206|0x0000000716200000, 0x0000000716200000, 0x0000000716300000|  0%| F|  |TAMS 0x0000000716200000, 0x0000000716200000| Untracked 
| 207|0x0000000716300000, 0x0000000716400000, 0x0000000716400000|100%| E|  |TAMS 0x0000000716300000, 0x0000000716300000| Complete 
| 208|0x0000000716400000, 0x0000000716500000, 0x0000000716500000|100%| E|CS|TAMS 0x0000000716400000, 0x0000000716400000| Complete 
| 209|0x0000000716500000, 0x0000000716600000, 0x0000000716600000|100%| E|CS|TAMS 0x0000000716500000, 0x0000000716500000| Complete 
| 210|0x0000000716600000, 0x0000000716700000, 0x0000000716700000|100%| E|CS|TAMS 0x0000000716600000, 0x0000000716600000| Complete 
| 211|0x0000000716700000, 0x0000000716800000, 0x0000000716800000|100%| E|CS|TAMS 0x0000000716700000, 0x0000000716700000| Complete 
| 212|0x0000000716800000, 0x0000000716900000, 0x0000000716900000|100%| E|CS|TAMS 0x0000000716800000, 0x0000000716800000| Complete 
| 213|0x0000000716900000, 0x0000000716a00000, 0x0000000716a00000|100%| E|CS|TAMS 0x0000000716900000, 0x0000000716900000| Complete 
| 214|0x0000000716a00000, 0x0000000716b00000, 0x0000000716b00000|100%| E|CS|TAMS 0x0000000716a00000, 0x0000000716a00000| Complete 
| 215|0x0000000716b00000, 0x0000000716c00000, 0x0000000716c00000|100%| E|CS|TAMS 0x0000000716b00000, 0x0000000716b00000| Complete 
| 216|0x0000000716c00000, 0x0000000716d00000, 0x0000000716d00000|100%| E|CS|TAMS 0x0000000716c00000, 0x0000000716c00000| Complete 
| 217|0x0000000716d00000, 0x0000000716e00000, 0x0000000716e00000|100%| E|CS|TAMS 0x0000000716d00000, 0x0000000716d00000| Complete 
| 218|0x0000000716e00000, 0x0000000716f00000, 0x0000000716f00000|100%| E|CS|TAMS 0x0000000716e00000, 0x0000000716e00000| Complete 
| 219|0x0000000716f00000, 0x0000000717000000, 0x0000000717000000|100%| E|CS|TAMS 0x0000000716f00000, 0x0000000716f00000| Complete 
| 220|0x0000000717000000, 0x0000000717100000, 0x0000000717100000|100%| E|CS|TAMS 0x0000000717000000, 0x0000000717000000| Complete 
| 221|0x0000000717100000, 0x0000000717200000, 0x0000000717200000|100%| E|CS|TAMS 0x0000000717100000, 0x0000000717100000| Complete 
| 222|0x0000000717200000, 0x0000000717300000, 0x0000000717300000|100%| E|CS|TAMS 0x0000000717200000, 0x0000000717200000| Complete 
| 223|0x0000000717300000, 0x0000000717400000, 0x0000000717400000|100%| E|CS|TAMS 0x0000000717300000, 0x0000000717300000| Complete 
| 224|0x0000000717400000, 0x0000000717500000, 0x0000000717500000|100%| E|CS|TAMS 0x0000000717400000, 0x0000000717400000| Complete 
| 225|0x0000000717500000, 0x0000000717600000, 0x0000000717600000|100%| E|CS|TAMS 0x0000000717500000, 0x0000000717500000| Complete 
| 226|0x0000000717600000, 0x0000000717700000, 0x0000000717700000|100%| E|CS|TAMS 0x0000000717600000, 0x0000000717600000| Complete 
| 227|0x0000000717700000, 0x0000000717800000, 0x0000000717800000|100%| E|CS|TAMS 0x0000000717700000, 0x0000000717700000| Complete 
| 228|0x0000000717800000, 0x0000000717900000, 0x0000000717900000|100%| E|CS|TAMS 0x0000000717800000, 0x0000000717800000| Complete 
| 229|0x0000000717900000, 0x0000000717a00000, 0x0000000717a00000|100%| E|CS|TAMS 0x0000000717900000, 0x0000000717900000| Complete 
| 230|0x0000000717a00000, 0x0000000717b00000, 0x0000000717b00000|100%| E|CS|TAMS 0x0000000717a00000, 0x0000000717a00000| Complete 
| 231|0x0000000717b00000, 0x0000000717c00000, 0x0000000717c00000|100%| E|CS|TAMS 0x0000000717b00000, 0x0000000717b00000| Complete 
| 232|0x0000000717c00000, 0x0000000717d00000, 0x0000000717d00000|100%| E|CS|TAMS 0x0000000717c00000, 0x0000000717c00000| Complete 
| 233|0x0000000717d00000, 0x0000000717e00000, 0x0000000717e00000|100%| E|CS|TAMS 0x0000000717d00000, 0x0000000717d00000| Complete 
| 234|0x0000000717e00000, 0x0000000717f00000, 0x0000000717f00000|100%| E|CS|TAMS 0x0000000717e00000, 0x0000000717e00000| Complete 
| 235|0x0000000717f00000, 0x0000000718000000, 0x0000000718000000|100%| E|CS|TAMS 0x0000000717f00000, 0x0000000717f00000| Complete 
| 236|0x0000000718000000, 0x0000000718100000, 0x0000000718100000|100%| E|CS|TAMS 0x0000000718000000, 0x0000000718000000| Complete 
| 237|0x0000000718100000, 0x0000000718200000, 0x0000000718200000|100%| E|CS|TAMS 0x0000000718100000, 0x0000000718100000| Complete 
| 238|0x0000000718200000, 0x0000000718300000, 0x0000000718300000|100%| E|CS|TAMS 0x0000000718200000, 0x0000000718200000| Complete 
| 239|0x0000000718300000, 0x0000000718400000, 0x0000000718400000|100%| E|CS|TAMS 0x0000000718300000, 0x0000000718300000| Complete 
| 240|0x0000000718400000, 0x0000000718500000, 0x0000000718500000|100%| E|CS|TAMS 0x0000000718400000, 0x0000000718400000| Complete 
| 241|0x0000000718500000, 0x0000000718600000, 0x0000000718600000|100%| E|CS|TAMS 0x0000000718500000, 0x0000000718500000| Complete 
| 242|0x0000000718600000, 0x0000000718700000, 0x0000000718700000|100%| E|CS|TAMS 0x0000000718600000, 0x0000000718600000| Complete 
| 243|0x0000000718700000, 0x0000000718800000, 0x0000000718800000|100%| E|CS|TAMS 0x0000000718700000, 0x0000000718700000| Complete 
| 244|0x0000000718800000, 0x0000000718900000, 0x0000000718900000|100%| E|CS|TAMS 0x0000000718800000, 0x0000000718800000| Complete 
| 245|0x0000000718900000, 0x0000000718a00000, 0x0000000718a00000|100%| E|CS|TAMS 0x0000000718900000, 0x0000000718900000| Complete 
| 246|0x0000000718a00000, 0x0000000718b00000, 0x0000000718b00000|100%| E|CS|TAMS 0x0000000718a00000, 0x0000000718a00000| Complete 
| 247|0x0000000718b00000, 0x0000000718c00000, 0x0000000718c00000|100%| E|CS|TAMS 0x0000000718b00000, 0x0000000718b00000| Complete 

Card table byte_map: [0x000001aadd440000,0x000001aaddc00000] _byte_map_base: 0x000001aad9bf6000

Marking Bits (Prev, Next): (CMBitMap*) 0x000001aae60b44b8, (CMBitMap*) 0x000001aae60b44f0
 Prev Bits: [0x000001aade3c0000, 0x000001aae2170000)
 Next Bits: [0x000001aae2170000, 0x000001aae5f20000)

Polling page: 0x000001aac2be0000

Metaspace:

Usage:
  Non-class:     15.14 MB capacity,    14.86 MB ( 98%) used,   238.27 KB (  2%) free+waste,    45.56 KB ( <1%) overhead. 
      Class:      1.87 MB capacity,     1.69 MB ( 90%) used,   162.16 KB (  8%) free+waste,    23.88 KB (  1%) overhead. 
       Both:     17.01 MB capacity,    16.55 MB ( 97%) used,   400.42 KB (  2%) free+waste,    69.44 KB ( <1%) overhead. 

Virtual space:
  Non-class space:       16.00 MB reserved,      15.25 MB ( 95%) committed 
      Class space:        1.00 GB reserved,       1.88 MB ( <1%) committed 
             Both:        1.02 GB reserved,      17.13 MB (  2%) committed 

Chunk freelists:
   Non-Class:  51.00 KB
       Class:  2.00 KB
        Both:  53.00 KB

MaxMetaspaceSize: 17179869184.00 GB
CompressedClassSpaceSize: 1.00 GB
Initial GC threshold: 20.80 MB
Current GC threshold: 20.80 MB
CDS: off

CodeHeap 'non-profiled nmethods': size=119168Kb used=809Kb max_used=809Kb free=118358Kb
 bounds [0x000001aad4f80000, 0x000001aad51f0000, 0x000001aadc3e0000]
CodeHeap 'profiled nmethods': size=119168Kb used=4720Kb max_used=4720Kb free=114447Kb
 bounds [0x000001aacdb20000, 0x000001aacdfc0000, 0x000001aad4f80000]
CodeHeap 'non-nmethods': size=7424Kb used=1880Kb max_used=3021Kb free=5543Kb
 bounds [0x000001aacd3e0000, 0x000001aacd6e0000, 0x000001aacdb20000]
 total_blobs=2907 nmethods=2288 adapters=530
 compilation: enabled
              stopped_count=0, restarted_count=0
 full_count=0

Compilation events (20 events):
Event: 10.657 Thread 0x000001aae9b7b800 nmethod 2279 0x000001aacdfb4b10 code [0x000001aacdfb4ce0, 0x000001aacdfb4f78]
Event: 10.657 Thread 0x000001aae9b7b800 2280       3       java.math.BigDecimal::commonNeedIncrement (222 bytes)
Event: 10.657 Thread 0x000001aae9a0e000 nmethod 2277 0x000001aacdfb5090 code [0x000001aacdfb5480, 0x000001aacdfb7818]
Event: 10.657 Thread 0x000001aae9a0e000 2281       3       java.math.MutableBigInteger::toBigDecimal (124 bytes)
Event: 10.657 Thread 0x000001aae9b7b800 nmethod 2280 0x000001aacdfb8910 code [0x000001aacdfb8ba0, 0x000001aacdfb97e8]
Event: 10.657 Thread 0x000001aae9b7b800 2282       3       java.math.MutableBigInteger::getMagnitudeArray (45 bytes)
Event: 10.657 Thread 0x000001aae9a0e000 nmethod 2281 0x000001aacdfb9b90 code [0x000001aacdfb9de0, 0x000001aacdfba7c8]
Event: 10.657 Thread 0x000001aae9b7b800 nmethod 2282 0x000001aacdfbab10 code [0x000001aacdfbace0, 0x000001aacdfbaec8]
Event: 10.772 Thread 0x000001aae9a05000 2283       4       java.math.BigDecimal::<init> (454 bytes)
Event: 10.800 Thread 0x000001aae9a05000 nmethod 2283 0x000001aad5046b10 code [0x000001aad5046da0, 0x000001aad5048bb8]
Event: 10.822 Thread 0x000001aae9a0e000 2284       3       java.math.MutableBigInteger::primitiveLeftShift (89 bytes)
Event: 10.822 Thread 0x000001aae9a0e000 nmethod 2284 0x000001aacdfbaf90 code [0x000001aacdfbb160, 0x000001aacdfbb3d8]
Event: 10.856 Thread 0x000001aae9b7b800 2285       3       java.awt.LightweightDispatcher::dispatchEvent (73 bytes)
Event: 10.856 Thread 0x000001aae9b7b800 nmethod 2285 0x000001aacdfbb590 code [0x000001aacdfbb7a0, 0x000001aacdfbbf48]
Event: 10.857 Thread 0x000001aae9a0e000 2286       1       sun.awt.Win32GraphicsConfig::getDevice (5 bytes)
Event: 10.857 Thread 0x000001aae9a0e000 nmethod 2286 0x000001aad5049d10 code [0x000001aad5049ec0, 0x000001aad5049f78]
Event: 10.907 Thread 0x000001aae9b7b800 2287       1       sun.util.locale.StringTokenIterator::current (5 bytes)
Event: 10.907 Thread 0x000001aae9b7b800 nmethod 2287 0x000001aad504a010 code [0x000001aad504a1c0, 0x000001aad504a278]
Event: 10.909 Thread 0x000001aae9a05000 2288       4       sun.java2d.StateTrackableDelegate::markDirty (6 bytes)
Event: 10.910 Thread 0x000001aae9a05000 nmethod 2288 0x000001aad504a310 code [0x000001aad504a4a0, 0x000001aad504a558]

GC Heap History (4 events):
Event: 0.203 GC heap before
{Heap before GC invocations=0 (full 0):
 garbage-first heap   total 253952K, used 29696K [0x0000000709400000, 0x0000000800000000)
  region size 1024K, 24 young (24576K), 0 survivors (0K)
 Metaspace       used 8365K, capacity 8570K, committed 8832K, reserved 1056768K
  class space    used 765K, capacity 835K, committed 896K, reserved 1048576K
}
Event: 0.205 GC heap after
{Heap after GC invocations=1 (full 0):
 garbage-first heap   total 253952K, used 6361K [0x0000000709400000, 0x0000000800000000)
  region size 1024K, 2 young (2048K), 2 survivors (2048K)
 Metaspace       used 8365K, capacity 8570K, committed 8832K, reserved 1056768K
  class space    used 765K, capacity 835K, committed 896K, reserved 1048576K
}
Event: 1.033 GC heap before
{Heap before GC invocations=1 (full 0):
 garbage-first heap   total 253952K, used 160985K [0x0000000709400000, 0x0000000800000000)
  region size 1024K, 148 young (151552K), 2 survivors (2048K)
 Metaspace       used 9873K, capacity 10124K, committed 10240K, reserved 1058816K
  class space    used 919K, capacity 989K, committed 1024K, reserved 1048576K
}
Event: 1.035 GC heap after
{Heap after GC invocations=2 (full 0):
 garbage-first heap   total 253952K, used 11760K [0x0000000709400000, 0x0000000800000000)
  region size 1024K, 2 young (2048K), 2 survivors (2048K)
 Metaspace       used 9873K, capacity 10124K, committed 10240K, reserved 1058816K
  class space    used 919K, capacity 989K, committed 1024K, reserved 1048576K
}

Deoptimization events (20 events):
Event: 7.450 Thread 0x000001aaeaab3800 Uncommon trap: trap_request=0xffffff4d fr.pc=0x000001aad4fa7b60 relative=0x0000000000000140
Event: 7.450 Thread 0x000001aaeaab3800 Uncommon trap: reason=unstable_if action=reinterpret pc=0x000001aad4fa7b60 method=jdk.internal.math.FloatingDecimal$ASCIIToBinaryBuffer.doubleValue()D @ 121 c2
Event: 7.450 Thread 0x000001aaeaab3800 DEOPT PACKING pc=0x000001aad4fa7b60 sp=0x00000034650fabf0
Event: 7.450 Thread 0x000001aaeaab3800 DEOPT UNPACKING pc=0x000001aacd42a1af sp=0x00000034650faaa8 mode 2
Event: 7.451 Thread 0x000001aaeabbb000 Uncommon trap: trap_request=0xffffffde fr.pc=0x000001aad4fa84c8 relative=0x0000000000000088
Event: 7.451 Thread 0x000001aaeabbb000 Uncommon trap: reason=class_check action=maybe_recompile pc=0x000001aad4fa84c8 method=jdk.internal.math.FloatingDecimal.parseDouble(Ljava/lang/String;)D @ 4 c2
Event: 7.451 Thread 0x000001aaeabbb000 DEOPT PACKING pc=0x000001aad4fa84c8 sp=0x00000034651fef80
Event: 7.451 Thread 0x000001aaeabbb000 DEOPT UNPACKING pc=0x000001aacd42a1af sp=0x00000034651fee50 mode 2
Event: 7.451 Thread 0x000001aaeabbb000 Uncommon trap: trap_request=0xffffffde fr.pc=0x000001aad4fa84c8 relative=0x0000000000000088
Event: 7.451 Thread 0x000001aaeabbb000 Uncommon trap: reason=class_check action=maybe_recompile pc=0x000001aad4fa84c8 method=jdk.internal.math.FloatingDecimal.parseDouble(Ljava/lang/String;)D @ 4 c2
Event: 7.451 Thread 0x000001aaeabbb000 DEOPT PACKING pc=0x000001aad4fa84c8 sp=0x00000034651fef80
Event: 7.451 Thread 0x000001aaeabbb000 DEOPT UNPACKING pc=0x000001aacd42a1af sp=0x00000034651fee50 mode 2
Event: 7.451 Thread 0x000001aaeabbb000 Uncommon trap: trap_request=0xffffffde fr.pc=0x000001aad4fa84c8 relative=0x0000000000000088
Event: 7.451 Thread 0x000001aaeabbb000 Uncommon trap: reason=class_check action=maybe_recompile pc=0x000001aad4fa84c8 method=jdk.internal.math.FloatingDecimal.parseDouble(Ljava/lang/String;)D @ 4 c2
Event: 7.451 Thread 0x000001aaeabbb000 DEOPT PACKING pc=0x000001aad4fa84c8 sp=0x00000034651fef80
Event: 7.451 Thread 0x000001aaeabbb000 DEOPT UNPACKING pc=0x000001aacd42a1af sp=0x00000034651fee50 mode 2
Event: 7.451 Thread 0x000001aaeabbb000 Uncommon trap: trap_request=0xffffffde fr.pc=0x000001aad4fa84c8 relative=0x0000000000000088
Event: 7.451 Thread 0x000001aaeabbb000 Uncommon trap: reason=class_check action=maybe_recompile pc=0x000001aad4fa84c8 method=jdk.internal.math.FloatingDecimal.parseDouble(Ljava/lang/String;)D @ 4 c2
Event: 7.451 Thread 0x000001aaeabbb000 DEOPT PACKING pc=0x000001aad4fa84c8 sp=0x00000034651fef80
Event: 7.451 Thread 0x000001aaeabbb000 DEOPT UNPACKING pc=0x000001aacd42a1af sp=0x00000034651fee50 mode 2

Classes redefined (0 events):
No events

Internal exceptions (20 events):
Event: 0.130 Thread 0x000001aac4d4f000 Exception <a 'java/lang/NoSuchMethodError'{0x00000007189e75d8}: 'java.lang.Object java.lang.invoke.DirectMethodHandle$Holder.invokeSpecial(java.lang.Object, java.lang.Object, int, int, java.lang.Object, java.lang.Object, java.lang.Object)'> (0x00000007189e75d8) thrown at [./src/hotspot/share/interpreter/linkResolver.cpp, line 773]
Event: 0.131 Thread 0x000001aac4d4f000 Exception <a 'java/lang/NoSuchMethodError'{0x00000007189eab68}: 'java.lang.Object java.lang.invoke.DelegatingMethodHandle$Holder.reinvoke_L(java.lang.Object, int, int, java.lang.Object, java.lang.Object, java.lang.Object)'> (0x00000007189eab68) thrown at [./src/hotspot/share/interpreter/linkResolver.cpp, line 773]
Event: 0.131 Thread 0x000001aac4d4f000 Exception <a 'java/lang/NoSuchMethodError'{0x00000007189eec48}: 'java.lang.Object java.lang.invoke.DirectMethodHandle$Holder.invokeStatic(java.lang.Object, java.lang.Object, java.lang.Object, java.lang.Object, int)'> (0x00000007189eec48) thrown at [./src/hotspot/share/interpreter/linkResolver.cpp, line 773]
Event: 0.137 Thread 0x000001aac4d4f000 Exception <a 'java/io/FileNotFoundException'{0x0000000718851d08}> (0x0000000718851d08) thrown at [./src/hotspot/share/prims/jni.cpp, line 615]
Event: 0.157 Thread 0x000001aac4d4f000 Exception <a 'java/lang/NoSuchMethodError'{0x00000007188bd7c0}: 'int java.lang.invoke.DirectMethodHandle$Holder.invokeSpecialIFC(java.lang.Object, java.lang.Object, int)'> (0x00000007188bd7c0) thrown at [./src/hotspot/share/interpreter/linkResolver.cpp, line 773]
Event: 1.174 Thread 0x000001aae9fd7000 Exception <a 'java/lang/NoSuchMethodError'{0x0000000717685948}: 'void java.lang.invoke.DirectMethodHandle$Holder.invokeSpecial(java.lang.Object, java.lang.Object)'> (0x0000000717685948) thrown at [./src/hotspot/share/interpreter/linkResolver.cpp, line 773]
Event: 1.177 Thread 0x000001aac4d4f000 Exception <a 'java/lang/NoSuchMethodError'{0x00000007176588e8}: 'java.lang.Object java.lang.invoke.DirectMethodHandle$Holder.invokeStatic(java.lang.Object, java.lang.Object, java.lang.Object, java.lang.Object, java.lang.Object, java.lang.Object, java.lang.Object, java.lang.Object, int)'> (0x00000007176588e8) thrown at [./src/hotspot/share/interpreter/linkResolver.cpp, line 773]
Event: 1.178 Thread 0x000001aac4d4f000 Exception <a 'java/lang/NoSuchMethodError'{0x00000007176728a8}: 'java.lang.Object java.lang.invoke.DirectMethodHandle$Holder.invokeStatic(java.lang.Object, java.lang.Object, java.lang.Object, java.lang.Object, java.lang.Object, java.lang.Object, java.lang.Object, java.lang.Object, int, int)'> (0x00000007176728a8) thrown at [./src/hotspot/share/interpreter/linkResolver.cpp, line 773]
Event: 1.260 Thread 0x000001aac4d4f000 Exception <a 'java/lang/NoSuchMethodError'{0x00000007175b6260}: 'java.lang.Object java.lang.invoke.DirectMethodHandle$Holder.invokeStatic(java.lang.Object, int, java.lang.Object, java.lang.Object, java.lang.Object, java.lang.Object)'> (0x00000007175b6260) thrown at [./src/hotspot/share/interpreter/linkResolver.cpp, line 773]
Event: 1.261 Thread 0x000001aac4d4f000 Exception <a 'java/lang/NoSuchMethodError'{0x00000007175bd320}: 'java.lang.Object java.lang.invoke.DirectMethodHandle$Holder.invokeStatic(java.lang.Object, int, java.lang.Object, java.lang.Object, java.lang.Object)'> (0x00000007175bd320) thrown at [./src/hotspot/share/interpreter/linkResolver.cpp, line 773]
Event: 1.261 Thread 0x000001aac4d4f000 Exception <a 'java/lang/NoSuchMethodError'{0x00000007175c0e68}: 'java.lang.Object java.lang.invoke.DirectMethodHandle$Holder.invokeSpecial(java.lang.Object, java.lang.Object, int, java.lang.Object, java.lang.Object, java.lang.Object)'> (0x00000007175c0e68) thrown at [./src/hotspot/share/interpreter/linkResolver.cpp, line 773]
Event: 1.262 Thread 0x000001aac4d4f000 Exception <a 'java/lang/NoSuchMethodError'{0x00000007175d8818}: 'java.lang.Object java.lang.invoke.DirectMethodHandle$Holder.invokeStatic(java.lang.Object, int, java.lang.Object)'> (0x00000007175d8818) thrown at [./src/hotspot/share/interpreter/linkResolver.cpp, line 773]
Event: 1.274 Thread 0x000001aac4d4f000 Exception <a 'java/lang/ClassNotFoundException'{0x0000000717303a78}: com/sun/swing/internal/plaf/metal/resources/spi/metalProvider> (0x0000000717303a78) thrown at [./src/hotspot/share/classfile/systemDictionary.cpp, line 231]
Event: 1.275 Thread 0x000001aac4d4f000 Exception <a 'java/lang/ClassNotFoundException'{0x0000000717307d08}: com/sun/swing/internal/plaf/basic/resources/spi/basicProvider> (0x0000000717307d08) thrown at [./src/hotspot/share/classfile/systemDictionary.cpp, line 231]
Event: 1.294 Thread 0x000001aac4d4f000 Exception <a 'java/lang/NoSuchMethodError'{0x00000007173553b0}: 'void java.lang.invoke.DirectMethodHandle$Holder.invokeStaticInit(java.lang.Object)'> (0x00000007173553b0) thrown at [./src/hotspot/share/interpreter/linkResolver.cpp, line 773]
Event: 1.322 Thread 0x000001aac4d4f000 Exception <a 'java/lang/NoSuchMethodError'{0x000000071711af00}: 'java.lang.Object java.lang.invoke.DirectMethodHandle$Holder.invokeStatic(java.lang.Object, java.lang.Object, java.lang.Object, java.lang.Object, java.lang.Object, java.lang.Object, java.lang.Object, java.lang.Object, java.lang.Object, java.lang.Object, java.lang.Object, int)'> (0x000000071711af00) thrown at [./src/hotspot/share/interpreter/linkResolver.cpp, line 773]
Event: 1.324 Thread 0x000001aac4d4f000 Exception <a 'java/lang/NoSuchMethodError'{0x0000000717139108}: 'java.lang.Object java.lang.invoke.DirectMethodHandle$Holder.invokeStatic(java.lang.Object, java.lang.Object, java.lang.Object, java.lang.Object, java.lang.Object, java.lang.Object, java.lang.Object, java.lang.Object, java.lang.Object, java.lang.Object, java.lang.Object, int, int)'> (0x0000000717139108) thrown at [./src/hotspot/share/interpreter/linkResolver.cpp, line 773]
Event: 1.325 Thread 0x000001aac4d4f000 Exception <a 'java/lang/NoSuchMethodError'{0x00000007171580a0}: 'java.lang.Object java.lang.invoke.DirectMethodHandle$Holder.invokeStatic(java.lang.Object, java.lang.Object, java.lang.Object, java.lang.Object, java.lang.Object, java.lang.Object, java.lang.Object, java.lang.Object, java.lang.Object, java.lang.Object, java.lang.Object, int, int, java.lang.Object)'> (0x00000007171580a0) thrown at [./src/hotspot/share/interpreter/linkResolver.cpp, line 773]
Event: 1.326 Thread 0x000001aac4d4f000 Exception <a 'java/lang/NoSuchMethodError'{0x00000007171640f8}: 'java.lang.Object java.lang.invoke.Invokers$Holder.linkToTargetMethod(java.lang.Object, int, java.lang.Object)'> (0x00000007171640f8) thrown at [./src/hotspot/share/interpreter/linkResolver.cpp, line 773]
Event: 1.417 Thread 0x000001aaeabbb000 Exception <a 'java/lang/NoSuchMethodError'{0x0000000717085570}: 'java.lang.Object java.lang.invoke.DirectMethodHandle$Holder.invokeStatic(java.lang.Object, java.lang.Object, java.lang.Object, java.lang.Object, java.lang.Object, java.lang.Object, java.lang.Object, java.lang.Object, java.lang.Object, java.lang.Object, java.lang.Object, int, int, java.lang.Object, java.lang.Object)'> (0x0000000717085570) thrown at [./src/hotspot/share/interpreter/linkResolver.cpp, line 773]

Events (20 events):
Event: 7.452 loading class Physics/UtilityClass done
Event: 7.452 loading class Data_storage/CollisionData
Event: 7.452 loading class Data_storage/CollisionData done
Event: 7.460 loading class java/math/MutableBigInteger
Event: 7.460 loading class java/awt/LightweightDispatcher$2
Event: 7.460 loading class java/awt/LightweightDispatcher$2 done
Event: 7.460 loading class java/math/MutableBigInteger done
Event: 7.768 Thread 0x000001aae9b79800 Thread added: 0x000001aae9b79800
Event: 10.139 Thread 0x000001aae9b79800 Thread exited: 0x000001aae9b79800
Event: 10.171 Thread 0x000001aae9b7f800 Thread exited: 0x000001aae9b7f800
Event: 10.171 Thread 0x000001aae9b7d800 Thread exited: 0x000001aae9b7d800
Event: 10.655 Thread 0x000001aae9b7b800 Thread added: 0x000001aae9b7b800
Event: 10.907 Executing VM operation: RevokeBias
Event: 10.908 Executing VM operation: RevokeBias done
Event: 10.908 Thread 0x000001aae9da7800 Thread added: 0x000001aae9da7800
Event: 10.908 Thread 0x000001aae9ffc000 Thread added: 0x000001aae9ffc000
Event: 10.908 Thread 0x000001aae9ffc000 Thread exited: 0x000001aae9ffc000
Event: 10.909 Executing VM operation: RevokeBias
Event: 10.909 Executing VM operation: RevokeBias done
Event: 10.909 Thread 0x000001aaeab7f000 Thread exited: 0x000001aaeab7f000


Dynamic libraries:
0x00007ff692be0000 - 0x00007ff692bed000 	C:\Program Files\Eclipse Foundation\jdk-11.0.12.7-hotspot\bin\java.exe
0x00007ff952a30000 - 0x00007ff952c25000 	C:\Windows\SYSTEM32\ntdll.dll
0x00007ff9517c0000 - 0x00007ff95187e000 	C:\Windows\System32\KERNEL32.DLL
0x00007ff950150000 - 0x00007ff950418000 	C:\Windows\System32\KERNELBASE.dll
0x00007ff950420000 - 0x00007ff950520000 	C:\Windows\System32\ucrtbase.dll
0x00007ff941a40000 - 0x00007ff941a55000 	C:\Program Files\Eclipse Foundation\jdk-11.0.12.7-hotspot\bin\VCRUNTIME140.dll
0x00007ff941a00000 - 0x00007ff941a17000 	C:\Program Files\Eclipse Foundation\jdk-11.0.12.7-hotspot\bin\jli.dll
0x00007ff951460000 - 0x00007ff951600000 	C:\Windows\System32\USER32.dll
0x00007ff950a10000 - 0x00007ff950a32000 	C:\Windows\System32\win32u.dll
0x00007ff951340000 - 0x00007ff95136a000 	C:\Windows\System32\GDI32.dll
0x00007ff936ef0000 - 0x00007ff93718a000 	C:\Windows\WinSxS\amd64_microsoft.windows.common-controls_6595b64144ccf1df_6.0.19041.1110_none_60b5254171f9507e\COMCTL32.dll
0x00007ff9505e0000 - 0x00007ff9506eb000 	C:\Windows\System32\gdi32full.dll
0x00007ff952170000 - 0x00007ff95220e000 	C:\Windows\System32\msvcrt.dll
0x00007ff9506f0000 - 0x00007ff95078d000 	C:\Windows\System32\msvcp_win.dll
0x00007ff951ca0000 - 0x00007ff951cd0000 	C:\Windows\System32\IMM32.DLL
0x00007ff94fd90000 - 0x00007ff94fe87000 	C:\Windows\system32\guard64.dll
0x00007ff951ae0000 - 0x00007ff951b8e000 	C:\Windows\System32\ADVAPI32.dll
0x00007ff951c00000 - 0x00007ff951c9c000 	C:\Windows\System32\sechost.dll
0x00007ff952760000 - 0x00007ff952885000 	C:\Windows\System32\RPCRT4.dll
0x00007ff94fd80000 - 0x00007ff94fd8a000 	C:\Windows\system32\version.dll
0x00007ff9519b0000 - 0x00007ff951ada000 	C:\Windows\System32\ole32.dll
0x00007ff951ce0000 - 0x00007ff952034000 	C:\Windows\System32\combase.dll
0x00007ff94fd70000 - 0x00007ff94fd7b000 	C:\Windows\system32\fltlib.dll
0x00007ff950a90000 - 0x00007ff9511d4000 	C:\Windows\System32\shell32.dll
0x00007ff951290000 - 0x00007ff95133d000 	C:\Windows\System32\shcore.dll
0x00007ff923fb0000 - 0x00007ff92404b000 	C:\Program Files\Eclipse Foundation\jdk-11.0.12.7-hotspot\bin\msvcp140.dll
0x00007ff8fff80000 - 0x00007ff900ad9000 	C:\Program Files\Eclipse Foundation\jdk-11.0.12.7-hotspot\bin\server\jvm.dll
0x00007ff951600000 - 0x00007ff951608000 	C:\Windows\System32\PSAPI.DLL
0x00007ff9262a0000 - 0x00007ff9262a9000 	C:\Windows\SYSTEM32\WSOCK32.dll
0x00007ff951b90000 - 0x00007ff951bfb000 	C:\Windows\System32\WS2_32.dll
0x00007ff9475f0000 - 0x00007ff947617000 	C:\Windows\SYSTEM32\WINMM.dll
0x00007ff94df50000 - 0x00007ff94df62000 	C:\Windows\SYSTEM32\kernel.appcore.dll
0x00007ff94b050000 - 0x00007ff94b060000 	C:\Program Files\Eclipse Foundation\jdk-11.0.12.7-hotspot\bin\verify.dll
0x00007ff943330000 - 0x00007ff943514000 	C:\Windows\SYSTEM32\DBGHELP.DLL
0x00007ff9430a0000 - 0x00007ff9430cc000 	C:\Windows\SYSTEM32\dbgcore.DLL
0x00007ff950520000 - 0x00007ff9505a2000 	C:\Windows\System32\bcryptPrimitives.dll
0x00007ff9418e0000 - 0x00007ff941908000 	C:\Program Files\Eclipse Foundation\jdk-11.0.12.7-hotspot\bin\java.dll
0x00007ff947640000 - 0x00007ff94764a000 	C:\Program Files\Eclipse Foundation\jdk-11.0.12.7-hotspot\bin\jimage.dll
0x00007ff9419e0000 - 0x00007ff9419f7000 	C:\Program Files\Eclipse Foundation\jdk-11.0.12.7-hotspot\bin\zip.dll
0x00007ff94e150000 - 0x00007ff94e8e4000 	C:\Windows\SYSTEM32\windows.storage.dll
0x00007ff94f9d0000 - 0x00007ff94f9fc000 	C:\Windows\SYSTEM32\Wldp.dll
0x00007ff952700000 - 0x00007ff952755000 	C:\Windows\System32\shlwapi.dll
0x00007ff950090000 - 0x00007ff9500af000 	C:\Windows\SYSTEM32\profapi.dll
0x00007ff914d90000 - 0x00007ff914f29000 	C:\Program Files\Eclipse Foundation\jdk-11.0.12.7-hotspot\bin\awt.dll
0x00007ff951880000 - 0x00007ff95194d000 	C:\Windows\System32\OLEAUT32.dll
0x00007ff94d890000 - 0x00007ff94d920000 	C:\Windows\SYSTEM32\apphelp.dll
0x00007ff94dc60000 - 0x00007ff94dc8f000 	C:\Windows\system32\DWMAPI.DLL
0x00007ff94da70000 - 0x00007ff94db0e000 	C:\Windows\system32\uxtheme.dll
0x00007ff914c60000 - 0x00007ff914d86000 	C:\Windows\system32\opengl32.dll
0x00007ff937f50000 - 0x00007ff937f7c000 	C:\Windows\SYSTEM32\GLU32.dll
0x00007ff952040000 - 0x00007ff952155000 	C:\Windows\System32\MSCTF.dll
0x00007ff9474b0000 - 0x00007ff9474eb000 	C:\Windows\SYSTEM32\dxcore.dll
0x00007ff950a40000 - 0x00007ff950a8e000 	C:\Windows\System32\cfgmgr32.dll
0x00007ff9194a0000 - 0x00007ff919526000 	C:\Program Files\Eclipse Foundation\jdk-11.0.12.7-hotspot\bin\freetype.dll
0x00007ff93b4b0000 - 0x00007ff93b4c2000 	C:\Program Files\Eclipse Foundation\jdk-11.0.12.7-hotspot\bin\fontmanager.dll
0x00007ff914ba0000 - 0x00007ff914c5c000 	C:\Program Files\Eclipse Foundation\jdk-11.0.12.7-hotspot\bin\harfbuzz.dll
0x00007ff940230000 - 0x00007ff940329000 	C:\Windows\SYSTEM32\textinputframework.dll
0x00007ff94d300000 - 0x00007ff94d65e000 	C:\Windows\System32\CoreUIComponents.dll
0x00007ff94d660000 - 0x00007ff94d752000 	C:\Windows\System32\CoreMessaging.dll
0x00007ff94ee70000 - 0x00007ff94eea3000 	C:\Windows\SYSTEM32\ntmarta.dll
0x00007ff94bec0000 - 0x00007ff94c014000 	C:\Windows\SYSTEM32\wintypes.dll
0x00007ff9511e0000 - 0x00007ff951289000 	C:\Windows\System32\clbcatq.dll
0x00007ff949df0000 - 0x00007ff949fa4000 	C:\Windows\SYSTEM32\WindowsCodecs.dll
0x00007ff9505b0000 - 0x00007ff9505d7000 	C:\Windows\System32\bcrypt.dll
0x00007ff93b420000 - 0x00007ff93b439000 	C:\Program Files\Eclipse Foundation\jdk-11.0.12.7-hotspot\bin\net.dll
0x00007ff9420a0000 - 0x00007ff9421aa000 	C:\Windows\SYSTEM32\WINHTTP.dll
0x00007ff94f730000 - 0x00007ff94f79a000 	C:\Windows\system32\mswsock.dll
0x00007ff938d70000 - 0x00007ff938d82000 	C:\Program Files\Eclipse Foundation\jdk-11.0.12.7-hotspot\bin\nio.dll

dbghelp: loaded successfully - version: 4.0.5 - missing functions: none
symbol engine: initialized successfully - sym options: 0x614 - pdb path: .;C:\Program Files\Eclipse Foundation\jdk-11.0.12.7-hotspot\bin;C:\Windows\SYSTEM32;C:\Windows\WinSxS\amd64_microsoft.windows.common-controls_6595b64144ccf1df_6.0.19041.1110_none_60b5254171f9507e;C:\Program Files\Eclipse Foundation\jdk-11.0.12.7-hotspot\bin\server;C:\Windows\System32\DriverStore\FileRepository\u0367465.inf_amd64_f448bc468601f23f\B367478

VM Arguments:
java_command: gameengine.Game
java_class_path (initial): C:\Users\staso\AppData\Roaming\Code\User\workspaceStorage\9dd952a646f2c35a284b771ce8df21e7\redhat.java\jdt_ws\src_d4cd99f0\bin
Launcher Type: SUN_STANDARD

[Global flags]
     intx CICompilerCount                          = 12                                        {product} {ergonomic}
     uint ConcGCThreads                            = 3                                         {product} {ergonomic}
     uint G1ConcRefinementThreads                  = 13                                        {product} {ergonomic}
   size_t G1HeapRegionSize                         = 1048576                                   {product} {ergonomic}
    uintx GCDrainStackTargetSize                   = 64                                        {product} {ergonomic}
   size_t InitialHeapSize                          = 260046848                                 {product} {ergonomic}
   size_t MarkStackSize                            = 4194304                                   {product} {ergonomic}
   size_t MaxHeapSize                              = 4139778048                                {product} {ergonomic}
   size_t MaxNewSize                               = 2483027968                                {product} {ergonomic}
   size_t MinHeapDeltaBytes                        = 1048576                                   {product} {ergonomic}
    uintx NonNMethodCodeHeapSize                   = 7594288                                {pd product} {ergonomic}
    uintx NonProfiledCodeHeapSize                  = 122031976                              {pd product} {ergonomic}
    uintx ProfiledCodeHeapSize                     = 122031976                              {pd product} {ergonomic}
    uintx ReservedCodeCacheSize                    = 251658240                              {pd product} {ergonomic}
     bool SegmentedCodeCache                       = true                                      {product} {ergonomic}
     bool UseCompressedClassPointers               = true                                 {lp64_product} {ergonomic}
     bool UseCompressedOops                        = true                                 {lp64_product} {ergonomic}
     bool UseG1GC                                  = true                                      {product} {ergonomic}
     bool UseLargePagesIndividualAllocation        = false                                  {pd product} {ergonomic}

Logging:
Log output configuration:
 #0: stdout all=warning uptime,level,tags
 #1: stderr all=off uptime,level,tags

Environment Variables:
PATH=C:\Program Files\Common Files\Oracle\Java\javapath;C:\Program Files\Eclipse Foundation\jdk-11.0.12.7-hotspot\bin;C:\Windows\system32;C:\Windows;C:\Windows\System32\Wbem;C:\Windows\System32\WindowsPowerShell\v1.0\;C:\Windows\System32\OpenSSH\;C:\Program Files\dotnet\;C:\Program Files (x86)\NVIDIA Corporation\PhysX\Common;C:\Program Files\NVIDIA Corporation\NVIDIA NvDLISR;C:\Program Files\MATLAB\R2022a\bin;C:\Program Files\Git\cmd;C:\Users\staso\AppData\Local\Microsoft\WindowsApps;C:\Users\staso\AppData\Local\Programs\Microsoft VS Code\bin;C:\Users\staso\.dotnet\tools;C:\Users\staso\AppData\Local\GitHubDesktop\bin;C:\Gradle\gradle-7.4.2\bin;
USERNAME=staso
LANG=pl_PL.UTF-8
OS=Windows_NT
PROCESSOR_IDENTIFIER=AMD64 Family 23 Model 96 Stepping 1, AuthenticAMD



---------------  S Y S T E M  ---------------

OS: Windows 10 , 64 bit Build 19041 (10.0.19041.1645)
OS uptime: 2 days 10:57 hours

CPU:total 16 (initial active 16) (16 cores per cpu, 2 threads per core) family 23 model 96 stepping 1 microcode 0x0, cmov, cx8, fxsr, mmx, sse, sse2, sse3, ssse3, sse4.1, sse4.2, popcnt, avx, avx2, aes, clmul, mmxext, 3dnowpref, lzcnt, sse4a, ht, tsc, tscinvbit, tscinv, bmi1, bmi2, adx, sha, fma

Memory: 4k page, system-wide physical 15789M (5752M free)
TotalPageFile size 28589M (AvailPageFile size 11375M)
current process WorkingSet (physical memory assigned to process): 247M, peak: 265M
current process commit charge ("private bytes"): 409M, peak: 431M

vm_info: OpenJDK 64-Bit Server VM (11.0.12+7) for windows-amd64 JRE (11.0.12+7), built on Jul 21 2021 16:23:49 by "" with unknown MS VC++:1916

END.
